INFO - rapthor:parset - [32mReading parset file: /tmp/rapthor-parset-lpql96zc/normalization_rich_demo.materialized.parset[0m
INFO - rapthor:runtime - [32mNo Prefect API configured; Prefect may start a temporary local API/server.[0m
INFO - rapthor:runtime - [32mUsing synchronous Prefect task execution.[0m
INFO - rapthor:runtime - [32mIgnoring any Prefect profile API URL for this run.[0m
INFO - rapthor:runtime - [32mUsing isolated temporary Prefect home for this run.[0m
13:35:41.996 | ERROR   | GlobalEventLoopThread | prefect._internal.concurrency - Service 'EventsWorker' failed with 0 pending items.
INFO - rapthor:parset - [32mReading parset file: /tmp/rapthor-parset-lpql96zc/normalization_rich_demo.materialized.parset[0m
INFO - rapthor:parset - [32m=========================================================[0m
INFO - rapthor:parset - [32mRapthor version 2.2.dev479+gfa2f6767e.d20260703[0m
INFO - rapthor:parset - [32mExecution backend is Prefect/Dask[0m
INFO - rapthor:parset - [32mWorking directory is /tmp/rom-current[0m
INFO - rapthor:parset - [32mWorking on 1 input MS file[0m
INFO - rapthor:parset - [32m=========================================================[0m
INFO - rapthor - [32mSetting log level to INFO[0m
INFO - rapthor:field - [32mUsing 1 imaging sector[0m
INFO - rapthor:strategy - [32mUsing '/app/docs/source/development/equivalence_runs/2026-07-06-option-matrix/inputs/current/normalization_rich_demo_strategy.py' processing strategy[0m
INFO - rapthor - [32mUsing a data fraction of 1.00[0m
INFO - rapthor:field - [32mPlotting field overview with initial sky-model coverage...[0m
INFO - rapthor:field - [32mAnalyzing sky model...[0m
INFO - rapthor:field - [32mIdentifying sources...[0m
INFO - rapthor:field - [32mUsing 5 calibration patches[0m
INFO - rapthor:field - [32mPlotting field overview with calibration patches...[0m
INFO - rapthor:field - [32mMaking sector sky models (for predicting)...[0m
INFO - rapthor:calibrate_1 - [32m<-- Operation calibrate_1 started[0m
INFO - rapthor - [32mPublished 5 Rapthor plot artifacts from /tmp/rom-current/pipelines/calibrate_1[0m
INFO - rapthor - [32mPublished 5 Rapthor plot artifacts from /tmp/rom-current/pipelines/calibrate_1[0m
/usr/local/lib/python3.10/dist-packages/tables/atom.py:373: FlavorWarning: support for unicode type is very limited, and only works for strings that can be cast as ascii
  warnings.warn("support for unicode type is very limited, and "
INFO - rapthor:calibrate_1 - [32m--> Operation calibrate_1 completed[0m
INFO - rapthor:calibrate_1 - [32mFraction of solutions that are flagged = 0.00[0m
INFO - rapthor - [32mPublished 12 Rapthor plot artifacts from /tmp/rom-current/plots[0m
INFO - rapthor - [32mPublished Rapthor command timing artifact from /tmp/rom-current/logs/commands.jsonl[0m
INFO - rapthor:normalize_1 - [32m<-- Operation normalize_1 started[0m
INFO - rapthor:image:masking - [32mInput image not given. Making empty image...[0m
WARNING: FITSFixedWarning: 'datfix' made the change 'Set MJD-OBS to 56380.583252 from DATE-OBS'. [astropy.wcs.wcs]
WARNING: FITSFixedWarning: 'datfix' made the change 'Set MJD-OBS to 56380.583252 from DATE-OBS'. [astropy.wcs.wcs]
WARNING: FITSFixedWarning: 'datfix' made the change 'Set MJD-OBS to 56380.583252 from DATE-OBS'. [astropy.wcs.wcs]
WARNING: FITSFixedWarning: 'datfix' made the change 'Set MJD-OBS to 56380.583252 from DATE-OBS'. [astropy.wcs.wcs]
WARNING: FITSFixedWarning: 'datfix' made the change 'Set MJD-OBS to 56380.583252 from DATE-OBS'. [astropy.wcs.wcs]
WARNING: FITSFixedWarning: 'unitfix' made the change 'Changed units:
  'HZ' -> 'Hz'. [astropy.wcs.wcs]
WARNING: FITSFixedWarning: 'datfix' made the change 'Set MJD-OBS to 56380.583252 from DATE-OBS'. [astropy.wcs.wcs]
WARNING: FITSFixedWarning: 'unitfix' made the change 'Changed units:
  'HZ' -> 'Hz'. [astropy.wcs.wcs]
INFO - rapthor:calculate_image_diagnostics - [32mA comparison sky model is not available and a list of comparison surveys was not supplied. Skipping photometry check...[0m
INFO - rapthor:calculate_image_diagnostics - [32mSkipping astrometry check since no comparison skymodel is provided, and internet access is not permitted[0m
INFO - rapthor - [32mPublished 1 Rapthor plot artifacts from /tmp/rom-current/pipelines/normalize_1[0m
INFO - rapthor:normalize_flux_scale - [32mNumber of sources in source catalog: 10[0m
INFO - rapthor:normalize_flux_scale - [32mApplying cuts to the input source catalog to select sources for normalization calculation...[0m
INFO - rapthor:normalize_flux_scale - [32mNumber of sources in source catalog: 10[0m
INFO - rapthor:normalize_flux_scale - [32mUsing reference sky models provided as input for normalization, instead of external survey catalogs.[0m
INFO - rapthor:normalize_flux_scale - [32mLoading provided skymodels for flux density scale normalization: ['/app/docs/source/development/equivalence_runs/2026-07-06-option-matrix/inputs/shared/rich_demo_reference_120mhz.txt', '/app/docs/source/development/equivalence_runs/2026-07-06-option-matrix/inputs/shared/rich_demo_reference_160mhz.txt'][0m
INFO - rapthor:normalize_flux_scale - [32mLoading provided skymodels for flux density scale normalization: ['/app/docs/source/development/equivalence_runs/2026-07-06-option-matrix/inputs/shared/rich_demo_reference_120mhz.txt', '/app/docs/source/development/equivalence_runs/2026-07-06-option-matrix/inputs/shared/rich_demo_reference_160mhz.txt'][0m
INFO - rapthor:normalize_flux_scale - [32mWeights will be set to 1 (i.e., no weighting by flux density errors).[0m
/usr/local/lib/python3.10/dist-packages/tables/atom.py:373: FlavorWarning: support for unicode type is very limited, and only works for strings that can be cast as ascii
  warnings.warn("support for unicode type is very limited, and "
INFO - rapthor - [32mPublished 10 Rapthor FITS preview artifacts from /tmp/rom-current/pipelines/normalize_1[0m
INFO - rapthor:normalize_1 - [32m--> Operation normalize_1 completed[0m
INFO - rapthor - [32mPublished 12 Rapthor plot artifacts from /tmp/rom-current/plots[0m
INFO - rapthor - [32mPublished 1 Rapthor FITS preview artifacts from /tmp/rom-current/images[0m
INFO - rapthor - [32mPublished Rapthor command timing artifact from /tmp/rom-current/logs/commands.jsonl[0m
INFO - rapthor:image_1 - [32m<-- Operation image_1 started[0m
INFO - rapthor:image:masking - [32mInput image not given. Making empty image...[0m
WARNING: FITSFixedWarning: 'datfix' made the change 'Set MJD-OBS to 56380.583252 from DATE-OBS'. [astropy.wcs.wcs]
WARNING: FITSFixedWarning: 'unitfix' made the change 'Changed units:
  'HZ' -> 'Hz'. [astropy.wcs.wcs]
WARNING: FITSFixedWarning: 'datfix' made the change 'Set MJD-OBS to 56380.583252 from DATE-OBS'. [astropy.wcs.wcs]
WARNING: FITSFixedWarning: 'unitfix' made the change 'Changed units:
  'HZ' -> 'Hz'. [astropy.wcs.wcs]
INFO - rapthor:calculate_image_diagnostics - [32mFewer than 5 sources found in the input image that meet the photometry cuts (major axis < 10" and located inside the FWHM of the primary beam). Skipping the photometry check...[0m
INFO - rapthor:calculate_image_diagnostics - [32mSkipping astrometry check since no comparison skymodel is provided, and internet access is not permitted[0m
INFO - rapthor - [32mPublished 1 Rapthor plot artifacts from /tmp/rom-current/pipelines/image_1[0m
INFO - rapthor - [32mPublished 9 Rapthor FITS preview artifacts from /tmp/rom-current/pipelines/image_1[0m
INFO - rapthor:image_1 - [32m--> Operation image_1 completed[0m
INFO - rapthor:image_1 - [32mDiagnostics for sector_1:[0m
INFO - rapthor:image_1 - [32m    Min RMS noise = 7534.6 uJy/beam (non-PB-corrected), 7631.9 uJy/beam (PB-corrected), 9006.402988 (expected)[0m
INFO - rapthor:image_1 - [32m    Median RMS noise = 14581.2 uJy/beam (non-PB-corrected), 14850.2 uJy/beam (PB-corrected)[0m
INFO - rapthor:image_1 - [32m    Dynamic range = 495.90 (non-PB-corrected), 489.58 (PB-corrected)[0m
INFO - rapthor:image_1 - [32m    Number of sources found by PyBDSF = 10[0m
INFO - rapthor:image_1 - [32m    Reference frequency = 134.4 MHz[0m
INFO - rapthor:image_1 - [32m    Beam = 44.6" x 43.1", PA = 172.9 deg[0m
INFO - rapthor:image_1 - [32m    Fraction of unflagged data = 1.00[0m
INFO - rapthor:image_1 - [32m    LOFAR/TGSS flux ratio = N/A[0m
INFO - rapthor:image_1 - [32m    LOFAR/LOTSS flux ratio = N/A[0m
INFO - rapthor:image_1 - [32m    LOFAR/NVSS flux ratio = N/A[0m
INFO - rapthor:image_1 - [32m    LOFAR-PanSTARRS RA offset = N/A[0m
INFO - rapthor:image_1 - [32m    LOFAR-PanSTARRS DEC offset = N/A[0m
INFO - rapthor - [32mPublished 13 Rapthor plot artifacts from /tmp/rom-current/plots[0m
INFO - rapthor - [32mPublished 1 Rapthor FITS preview artifacts from /tmp/rom-current/images[0m
INFO - rapthor - [32mPublished Rapthor command timing artifact from /tmp/rom-current/logs/commands.jsonl[0m
INFO - rapthor:mosaic_1 - [32m<-- Operation mosaic_1 started[0m
INFO - rapthor:mosaic_1 - [32m--> Operation mosaic_1 completed[0m
INFO - rapthor - [32mPublished 13 Rapthor plot artifacts from /tmp/rom-current/plots[0m
INFO - rapthor - [32mPublished 7 Rapthor FITS preview artifacts from /tmp/rom-current/images[0m
INFO - rapthor - [32mPublished Rapthor command timing artifact from /tmp/rom-current/logs/commands.jsonl[0m
INFO - rapthor - [32mPublished 13 Rapthor plot artifacts from /tmp/rom-current/plots[0m
INFO - rapthor - [32mPublished 7 Rapthor FITS preview artifacts from /tmp/rom-current/images[0m
INFO - rapthor - [32mPublished Rapthor command timing artifact from /tmp/rom-current/logs/commands.jsonl[0m
INFO - rapthor - [32mRapthor has finished :)[0m
