INFO - rapthor:parset - [32mReading parset file: /tmp/rfjnr/inputs/base/rep-03/master_dd_phase_plus_di_fulljones.parset[0m
INFO - rapthor:parset - [32m=========================================================[0m
INFO - rapthor:parset - [32mRapthor version 2.2.dev119+g17448437b[0m
INFO - rapthor:parset - [32mCWLRunner is toil[0m
INFO - rapthor:parset - [32mWorking directory is /tmp/rfjnw/base/rep-03[0m
INFO - rapthor:parset - [32mWorking on 1 input MS file[0m
WARNING - rapthor:parset - [33mComparison sky model for astrometry check not provided while `allow_internet_access` is False. The astrometry check will be skipped. If you want to run the astrometry check, please provide a path to the comparison sky model or allow internet access.[0m
WARNING - rapthor:parset - [33mComparison sky model for photometry check not provided while `allow_internet_access` is False. The photometry check will be skipped. If you want to run the photometry check, please provide a path to the comparison sky model or allow internet access.[0m
INFO - rapthor:parset - [32m=========================================================[0m
INFO - rapthor - [32mSetting log level to INFO[0m
INFO - rapthor:field - [32mUsing 1 imaging sector[0m
INFO - rapthor:strategy - [32mUsing '/app/docs/source/development/equivalence_runs/2026-07-05-dd-phase-plus-di-fulljones-master-ref/inputs/base/master_dd_phase_plus_di_fulljones_strategy.py' processing strategy[0m
INFO - rapthor - [32mUsing a data fraction of 1.00[0m
INFO - rapthor:field - [32mPlotting field overview with initial sky-model coverage...[0m
INFO - rapthor:field - [32mAnalyzing sky model...[0m
INFO - rapthor:field - [32mIdentifying sources...[0m
INFO - rapthor:field - [32mUsing 5 calibration patches[0m
INFO - rapthor:field - [32mPlotting field overview with calibration patches...[0m
INFO - rapthor:field - [32mMaking sector sky models (for predicting)...[0m
INFO - rapthor:calibrate_1 - [32m<-- Operation calibrate_1 started[0m
INFO - rapthor:calibrate_1 - [32m--> Operation calibrate_1 completed[0m
INFO - rapthor:calibrate_1 - [32mFraction of solutions that are flagged = 0.00[0m
INFO - rapthor:predict_di_1 - [32m<-- Operation predict_di_1 started[0m
INFO - rapthor:predict_di_1 - [32m--> Operation predict_di_1 completed[0m
INFO - rapthor:calibrate_di_1 - [32m<-- Operation calibrate_di_1 started[0m
INFO - rapthor:calibrate_di_1 - [32m--> Operation calibrate_di_1 completed[0m
INFO - rapthor:calibrate_di_1 - [32mFraction of solutions that are flagged = 0.00[0m
INFO - rapthor:image_1 - [32m<-- Operation image_1 started[0m
INFO - rapthor:image_1 - [32m--> Operation image_1 completed[0m
INFO - rapthor:image_1 - [32mDiagnostics for sector_1:[0m
INFO - rapthor:image_1 - [32m    Min RMS noise = 8311.9 uJy/beam (non-PB-corrected), 8437.9 uJy/beam (PB-corrected), 9006.402988 (expected)[0m
INFO - rapthor:image_1 - [32m    Median RMS noise = 15886.6 uJy/beam (non-PB-corrected), 16216.9 uJy/beam (PB-corrected)[0m
INFO - rapthor:image_1 - [32m    Dynamic range = 550.57 (non-PB-corrected), 542.35 (PB-corrected)[0m
INFO - rapthor:image_1 - [32m    Number of sources found by PyBDSF = 11[0m
INFO - rapthor:image_1 - [32m    Reference frequency = 134.4 MHz[0m
INFO - rapthor:image_1 - [32m    Beam = 44.6" x 43.1", PA = 172.9 deg[0m
INFO - rapthor:image_1 - [32m    Fraction of unflagged data = 1.00[0m
INFO - rapthor:image_1 - [32m    LOFAR/TGSS flux ratio = N/A[0m
INFO - rapthor:image_1 - [32m    LOFAR/LOTSS flux ratio = N/A[0m
INFO - rapthor:image_1 - [32m    LOFAR/NVSS flux ratio = N/A[0m
INFO - rapthor:image_1 - [32m    LOFAR-PanSTARRS RA offset = N/A[0m
INFO - rapthor:image_1 - [32m    LOFAR-PanSTARRS DEC offset = N/A[0m
INFO - rapthor:mosaic_1 - [32m<-- Operation mosaic_1 started[0m
INFO - rapthor:mosaic_1 - [32m--> Operation mosaic_1 completed[0m
INFO - rapthor - [32mRapthor has finished :)[0m
